{"name":"Log","hostname":"BOCAJMAI-1","pid":4280,"level":30,"version":"5.44.0","msg":"Ghost is running in development...","time":"2023-04-19T09:56:35.257Z","v":0}
{"name":"Log","hostname":"BOCAJMAI-1","pid":4280,"level":30,"version":"5.44.0","msg":"Listening on: 127.0.0.1:2368","time":"2023-04-19T09:56:35.258Z","v":0}
{"name":"Log","hostname":"BOCAJMAI-1","pid":4280,"level":30,"version":"5.44.0","msg":"Url configured as: http://localhost:2368/","time":"2023-04-19T09:56:35.259Z","v":0}
{"name":"Log","hostname":"BOCAJMAI-1","pid":4280,"level":30,"version":"5.44.0","msg":"Ctrl+C to shut down","time":"2023-04-19T09:56:35.259Z","v":0}
{"name":"Log","hostname":"BOCAJMAI-1","pid":4280,"level":30,"version":"5.44.0","msg":"Ghost server started in 9.955s","time":"2023-04-19T09:56:35.260Z","v":0}
{"name":"Log","hostname":"BOCAJMAI-1","pid":4280,"level":40,"version":"5.44.0","msg":"Database state requires initialisation.","time":"2023-04-19T09:56:36.725Z","v":0}
{"name":"Log","hostname":"BOCAJMAI-1","pid":4280,"level":30,"version":"5.44.0","msg":"Creating table: newsletters","time":"2023-04-19T09:56:38.915Z","v":0}
{"name":"Log","hostname":"BOCAJMAI-1","pid":4280,"level":30,"version":"5.44.0","msg":"Creating table: posts","time":"2023-04-19T09:56:38.929Z","v":0}
{"name":"Log","hostname":"BOCAJMAI-1","pid":4280,"level":30,"version":"5.44.0","msg":"Creating table: posts_meta","time":"2023-04-19T09:56:38.936Z","v":0}
{"name":"Log","hostname":"BOCAJMAI-1","pid":4280,"level":30,"version":"5.44.0","msg":"Creating table: users","time":"2023-04-19T09:56:38.942Z","v":0}
{"name":"Log","hostname":"BOCAJMAI-1","pid":4280,"level":30,"version":"5.44.0","msg":"Creating table: posts_authors","time":"2023-04-19T09:56:38.953Z","v":0}
{"name":"Log","hostname":"BOCAJMAI-1","pid":4280,"level":30,"version":"5.44.0","msg":"Creating table: roles","time":"2023-04-19T09:56:38.957Z","v":0}
{"name":"Log","hostname":"BOCAJMAI-1","pid":4280,"level":30,"version":"5.44.0","msg":"Creating table: roles_users","time":"2023-04-19T09:56:38.963Z","v":0}
{"name":"Log","hostname":"BOCAJMAI-1","pid":4280,"level":30,"version":"5.44.0","msg":"Creating table: permissions","time":"2023-04-19T09:56:38.967Z","v":0}
{"name":"Log","hostname":"BOCAJMAI-1","pid":4280,"level":30,"version":"5.44.0","msg":"Creating table: permissions_users","time":"2023-04-19T09:56:38.974Z","v":0}
{"name":"Log","hostname":"BOCAJMAI-1","pid":4280,"level":30,"version":"5.44.0","msg":"Creating table: permissions_roles","time":"2023-04-19T09:56:38.977Z","v":0}
{"name":"Log","hostname":"BOCAJMAI-1","pid":4280,"level":30,"version":"5.44.0","msg":"Creating table: settings","time":"2023-04-19T09:56:38.981Z","v":0}
{"name":"Log","hostname":"BOCAJMAI-1","pid":4280,"level":30,"version":"5.44.0","msg":"Creating table: tags","time":"2023-04-19T09:56:38.988Z","v":0}
{"name":"Log","hostname":"BOCAJMAI-1","pid":4280,"level":30,"version":"5.44.0","msg":"Creating table: posts_tags","time":"2023-04-19T09:56:38.996Z","v":0}
{"name":"Log","hostname":"BOCAJMAI-1","pid":4280,"level":30,"version":"5.44.0","msg":"Creating table: invites","time":"2023-04-19T09:56:39.000Z","v":0}
{"name":"Log","hostname":"BOCAJMAI-1","pid":4280,"level":30,"version":"5.44.0","msg":"Creating table: brute","time":"2023-04-19T09:56:39.011Z","v":0}
{"name":"Log","hostname":"BOCAJMAI-1","pid":4280,"level":30,"version":"5.44.0","msg":"Creating table: sessions","time":"2023-04-19T09:56:39.015Z","v":0}
{"name":"Log","hostname":"BOCAJMAI-1","pid":4280,"level":30,"version":"5.44.0","msg":"Creating table: integrations","time":"2023-04-19T09:56:39.023Z","v":0}
{"name":"Log","hostname":"BOCAJMAI-1","pid":4280,"level":30,"version":"5.44.0","msg":"Creating table: webhooks","time":"2023-04-19T09:56:39.031Z","v":0}
{"name":"Log","hostname":"BOCAJMAI-1","pid":4280,"level":30,"version":"5.44.0","msg":"Creating table: api_keys","time":"2023-04-19T09:56:39.035Z","v":0}
{"name":"Log","hostname":"BOCAJMAI-1","pid":4280,"level":30,"version":"5.44.0","msg":"Creating table: mobiledoc_revisions","time":"2023-04-19T09:56:39.043Z","v":0}
{"name":"Log","hostname":"BOCAJMAI-1","pid":4280,"level":30,"version":"5.44.0","msg":"Creating table: post_revisions","time":"2023-04-19T09:56:39.052Z","v":0}
{"name":"Log","hostname":"BOCAJMAI-1","pid":4280,"level":30,"version":"5.44.0","msg":"Creating table: members","time":"2023-04-19T09:56:39.060Z","v":0}
{"name":"Log","hostname":"BOCAJMAI-1","pid":4280,"level":30,"version":"5.44.0","msg":"Creating table: products","time":"2023-04-19T09:56:39.073Z","v":0}
{"name":"Log","hostname":"BOCAJMAI-1","pid":4280,"level":30,"version":"5.44.0","msg":"Creating table: offers","time":"2023-04-19T09:56:39.081Z","v":0}
{"name":"Log","hostname":"BOCAJMAI-1","pid":4280,"level":30,"version":"5.44.0","msg":"Creating table: benefits","time":"2023-04-19T09:56:39.094Z","v":0}
{"name":"Log","hostname":"BOCAJMAI-1","pid":4280,"level":30,"version":"5.44.0","msg":"Creating table: products_benefits","time":"2023-04-19T09:56:39.101Z","v":0}
{"name":"Log","hostname":"BOCAJMAI-1","pid":4280,"level":30,"version":"5.44.0","msg":"Creating table: members_products","time":"2023-04-19T09:56:39.104Z","v":0}
{"name":"Log","hostname":"BOCAJMAI-1","pid":4280,"level":30,"version":"5.44.0","msg":"Creating table: posts_products","time":"2023-04-19T09:56:39.108Z","v":0}
{"name":"Log","hostname":"BOCAJMAI-1","pid":4280,"level":30,"version":"5.44.0","msg":"Creating table: members_created_events","time":"2023-04-19T09:56:39.112Z","v":0}
{"name":"Log","hostname":"BOCAJMAI-1","pid":4280,"level":30,"version":"5.44.0","msg":"Creating table: members_cancel_events","time":"2023-04-19T09:56:39.116Z","v":0}
{"name":"Log","hostname":"BOCAJMAI-1","pid":4280,"level":30,"version":"5.44.0","msg":"Creating table: members_payment_events","time":"2023-04-19T09:56:39.120Z","v":0}
{"name":"Log","hostname":"BOCAJMAI-1","pid":4280,"level":30,"version":"5.44.0","msg":"Creating table: members_login_events","time":"2023-04-19T09:56:39.123Z","v":0}
{"name":"Log","hostname":"BOCAJMAI-1","pid":4280,"level":30,"version":"5.44.0","msg":"Creating table: members_email_change_events","time":"2023-04-19T09:56:39.127Z","v":0}
{"name":"Log","hostname":"BOCAJMAI-1","pid":4280,"level":30,"version":"5.44.0","msg":"Creating table: members_status_events","time":"2023-04-19T09:56:39.131Z","v":0}
{"name":"Log","hostname":"BOCAJMAI-1","pid":4280,"level":30,"version":"5.44.0","msg":"Creating table: members_product_events","time":"2023-04-19T09:56:39.134Z","v":0}
{"name":"Log","hostname":"BOCAJMAI-1","pid":4280,"level":30,"version":"5.44.0","msg":"Creating table: members_paid_subscription_events","time":"2023-04-19T09:56:39.138Z","v":0}
{"name":"Log","hostname":"BOCAJMAI-1","pid":4280,"level":30,"version":"5.44.0","msg":"Creating table: labels","time":"2023-04-19T09:56:39.143Z","v":0}
{"name":"Log","hostname":"BOCAJMAI-1","pid":4280,"level":30,"version":"5.44.0","msg":"Creating table: members_labels","time":"2023-04-19T09:56:39.153Z","v":0}
{"name":"Log","hostname":"BOCAJMAI-1","pid":4280,"level":30,"version":"5.44.0","msg":"Creating table: members_stripe_customers","time":"2023-04-19T09:56:39.157Z","v":0}
{"name":"Log","hostname":"BOCAJMAI-1","pid":4280,"level":30,"version":"5.44.0","msg":"Creating table: subscriptions","time":"2023-04-19T09:56:39.163Z","v":0}
{"name":"Log","hostname":"BOCAJMAI-1","pid":4280,"level":30,"version":"5.44.0","msg":"Creating table: members_stripe_customers_subscriptions","time":"2023-04-19T09:56:39.167Z","v":0}
{"name":"Log","hostname":"BOCAJMAI-1","pid":4280,"level":30,"version":"5.44.0","msg":"Creating table: members_subscription_created_events","time":"2023-04-19T09:56:39.178Z","v":0}
{"name":"Log","hostname":"BOCAJMAI-1","pid":4280,"level":30,"version":"5.44.0","msg":"Creating table: offer_redemptions","time":"2023-04-19T09:56:39.182Z","v":0}
{"name":"Log","hostname":"BOCAJMAI-1","pid":4280,"level":30,"version":"5.44.0","msg":"Creating table: members_subscribe_events","time":"2023-04-19T09:56:39.186Z","v":0}
{"name":"Log","hostname":"BOCAJMAI-1","pid":4280,"level":30,"version":"5.44.0","msg":"Creating table: stripe_products","time":"2023-04-19T09:56:39.190Z","v":0}
{"name":"Log","hostname":"BOCAJMAI-1","pid":4280,"level":30,"version":"5.44.0","msg":"Creating table: stripe_prices","time":"2023-04-19T09:56:39.197Z","v":0}
{"name":"Log","hostname":"BOCAJMAI-1","pid":4280,"level":30,"version":"5.44.0","msg":"Creating table: actions","time":"2023-04-19T09:56:39.204Z","v":0}
{"name":"Log","hostname":"BOCAJMAI-1","pid":4280,"level":30,"version":"5.44.0","msg":"Creating table: emails","time":"2023-04-19T09:56:39.209Z","v":0}
{"name":"Log","hostname":"BOCAJMAI-1","pid":4280,"level":30,"version":"5.44.0","msg":"Creating table: email_batches","time":"2023-04-19T09:56:39.221Z","v":0}
{"name":"Log","hostname":"BOCAJMAI-1","pid":4280,"level":30,"version":"5.44.0","msg":"Creating table: email_recipients","time":"2023-04-19T09:56:39.225Z","v":0}
{"name":"Log","hostname":"BOCAJMAI-1","pid":4280,"level":30,"version":"5.44.0","msg":"Creating table: email_recipient_failures","time":"2023-04-19T09:56:39.244Z","v":0}
{"name":"Log","hostname":"BOCAJMAI-1","pid":4280,"level":30,"version":"5.44.0","msg":"Creating table: tokens","time":"2023-04-19T09:56:39.248Z","v":0}
{"name":"Log","hostname":"BOCAJMAI-1","pid":4280,"level":30,"version":"5.44.0","msg":"Creating table: snippets","time":"2023-04-19T09:56:39.255Z","v":0}
{"name":"Log","hostname":"BOCAJMAI-1","pid":4280,"level":30,"version":"5.44.0","msg":"Creating table: custom_theme_settings","time":"2023-04-19T09:56:39.262Z","v":0}
{"name":"Log","hostname":"BOCAJMAI-1","pid":4280,"level":30,"version":"5.44.0","msg":"Creating table: members_newsletters","time":"2023-04-19T09:56:39.266Z","v":0}
{"name":"Log","hostname":"BOCAJMAI-1","pid":4280,"level":30,"version":"5.44.0","msg":"Creating table: comments","time":"2023-04-19T09:56:39.270Z","v":0}
{"name":"Log","hostname":"BOCAJMAI-1","pid":4280,"level":30,"version":"5.44.0","msg":"Creating table: comment_likes","time":"2023-04-19T09:56:39.274Z","v":0}
{"name":"Log","hostname":"BOCAJMAI-1","pid":4280,"level":30,"version":"5.44.0","msg":"Creating table: comment_reports","time":"2023-04-19T09:56:39.277Z","v":0}
{"name":"Log","hostname":"BOCAJMAI-1","pid":4280,"level":30,"version":"5.44.0","msg":"Creating table: jobs","time":"2023-04-19T09:56:39.282Z","v":0}
{"name":"Log","hostname":"BOCAJMAI-1","pid":4280,"level":30,"version":"5.44.0","msg":"Creating table: redirects","time":"2023-04-19T09:56:39.289Z","v":0}
{"name":"Log","hostname":"BOCAJMAI-1","pid":4280,"level":30,"version":"5.44.0","msg":"Creating table: members_click_events","time":"2023-04-19T09:56:39.293Z","v":0}
{"name":"Log","hostname":"BOCAJMAI-1","pid":4280,"level":30,"version":"5.44.0","msg":"Creating table: members_feedback","time":"2023-04-19T09:56:39.296Z","v":0}
{"name":"Log","hostname":"BOCAJMAI-1","pid":4280,"level":30,"version":"5.44.0","msg":"Creating table: suppressions","time":"2023-04-19T09:56:39.300Z","v":0}
{"name":"Log","hostname":"BOCAJMAI-1","pid":4280,"level":30,"version":"5.44.0","msg":"Creating table: email_spam_complaint_events","time":"2023-04-19T09:56:39.307Z","v":0}
{"name":"Log","hostname":"BOCAJMAI-1","pid":4280,"level":30,"version":"5.44.0","msg":"Creating table: mentions","time":"2023-04-19T09:56:39.315Z","v":0}
{"name":"Log","hostname":"BOCAJMAI-1","pid":4280,"level":30,"version":"5.44.0","msg":"Creating table: milestones","time":"2023-04-19T09:56:39.319Z","v":0}
{"name":"Log","hostname":"BOCAJMAI-1","pid":4280,"level":30,"version":"5.44.0","msg":"Model: Product","time":"2023-04-19T09:56:39.640Z","v":0}
{"name":"Log","hostname":"BOCAJMAI-1","pid":4280,"level":30,"version":"5.44.0","msg":"Model: Newsletter","time":"2023-04-19T09:56:39.646Z","v":0}
{"name":"Log","hostname":"BOCAJMAI-1","pid":4280,"level":30,"version":"5.44.0","msg":"Model: Tag","time":"2023-04-19T09:56:39.650Z","v":0}
{"name":"Log","hostname":"BOCAJMAI-1","pid":4280,"level":30,"version":"5.44.0","msg":"Model: Permission","time":"2023-04-19T09:56:39.653Z","v":0}
{"name":"Log","hostname":"BOCAJMAI-1","pid":4280,"level":30,"version":"5.44.0","msg":"Model: Post","time":"2023-04-19T09:56:39.804Z","v":0}
{"name":"Log","hostname":"BOCAJMAI-1","pid":4280,"level":30,"version":"5.44.0","msg":"Model: Integration","time":"2023-04-19T09:56:43.344Z","v":0}
{"name":"Log","hostname":"BOCAJMAI-1","pid":4280,"level":30,"version":"5.44.0","msg":"Relation: Role to Permission","time":"2023-04-19T09:56:43.382Z","v":0}
{"name":"Log","hostname":"BOCAJMAI-1","pid":4280,"level":30,"version":"5.44.0","msg":"Relation: Post to Tag","time":"2023-04-19T09:56:43.497Z","v":0}
{"name":"Log","hostname":"BOCAJMAI-1","pid":4280,"level":30,"version":"5.44.0","msg":"Database is in a ready state.","time":"2023-04-19T09:56:43.566Z","v":0}
{"name":"Log","hostname":"BOCAJMAI-1","pid":4280,"level":30,"version":"5.44.0","msg":"Ghost database ready in 18.262s","time":"2023-04-19T09:56:43.567Z","v":0}
{"name":"Log","hostname":"BOCAJMAI-1","pid":4280,"level":50,"version":"5.44.0","err":{"id":"803bee80-de98-11ed-be7d-f9758ce232d7","domain":"http://localhost:2368/","code":"ENOENT","name":"InternalServerError","statusCode":500,"level":"critical","message":"Unable to activate the theme \"casper\".","stack":"Error: ENOENT: no such file or directory, copyfile 'C:\\Users\\hey\\Documents\\.Nebula\\stoic-nebula-blog\\versions\\5.44.0\\core\\frontend\\src\\admin-auth\\index.html' -> 'C:\\Users\\hey\\Documents\\.Nebula\\stoic-nebula-blog\\content\\public\\admin-auth\\index.html'\n    at Bridge.activateTheme (C:\\Users\\hey\\Documents\\.Nebula\\stoic-nebula-blog\\versions\\5.44.0\\core\\bridge.js:76:27)","hideStack":false},"msg":"Unable to activate the theme \"casper\".","time":"2023-04-19T09:56:48.617Z","v":0}
{"name":"Log","hostname":"BOCAJMAI-1","pid":4280,"level":30,"version":"5.44.0","msg":"Adding offloaded job to the queue","time":"2023-04-19T09:56:53.034Z","v":0}
{"name":"Log","hostname":"BOCAJMAI-1","pid":4280,"level":30,"version":"5.44.0","msg":"Scheduling job mentions-email-report at 54 14 * * * *. Next run on: Wed Apr 19 2023 11:14:54 GMT+0100 (British Summer Time)","time":"2023-04-19T09:56:53.044Z","v":0}
{"name":"Log","hostname":"BOCAJMAI-1","pid":4280,"level":30,"version":"5.44.0","msg":"Adding one-off job to queue with current length = 0 called 'members-migrations'","time":"2023-04-19T09:56:55.285Z","v":0}
{"name":"Log","hostname":"BOCAJMAI-1","pid":4280,"level":30,"version":"5.44.0","msg":"Stripe not configured - skipping migrations","time":"2023-04-19T09:56:55.292Z","v":0}
{"name":"Log","hostname":"BOCAJMAI-1","pid":4280,"level":30,"version":"5.44.0","msg":"Ghost URL Service Ready in 30.138s","time":"2023-04-19T09:56:55.444Z","v":0}
{"name":"Log","hostname":"BOCAJMAI-1","pid":4280,"level":30,"version":"5.44.0","msg":"Adding offloaded job to the queue","time":"2023-04-19T09:56:55.756Z","v":0}
{"name":"Log","hostname":"BOCAJMAI-1","pid":4280,"level":30,"version":"5.44.0","msg":"Scheduling job clean-expired-comped at 13 57 1 * * *. Next run on: Thu Apr 20 2023 01:57:13 GMT+0100 (British Summer Time)","time":"2023-04-19T09:56:55.759Z","v":0}
{"name":"Log","hostname":"BOCAJMAI-1","pid":4280,"level":30,"version":"5.44.0","msg":"Adding offloaded job to the queue","time":"2023-04-19T09:56:55.764Z","v":0}
{"name":"Log","hostname":"BOCAJMAI-1","pid":4280,"level":30,"version":"5.44.0","msg":"Scheduling job clean-tokens at 0 27 23 * * *. Next run on: Wed Apr 19 2023 23:27:00 GMT+0100 (British Summer Time)","time":"2023-04-19T09:56:55.767Z","v":0}
{"name":"Log","hostname":"BOCAJMAI-1","pid":4280,"level":30,"version":"5.44.0","msg":"Ghost booted in 30.468s","time":"2023-04-19T09:56:55.773Z","v":0}
{"name":"Log","hostname":"BOCAJMAI-1","pid":4280,"level":30,"version":"5.44.0","msg":"Adding offloaded job to the queue","time":"2023-04-19T09:56:55.776Z","v":0}
{"name":"Log","hostname":"BOCAJMAI-1","pid":4280,"level":30,"version":"5.44.0","msg":"Scheduling job update-check at 25 36 10 * * *. Next run on: Thu Apr 20 2023 10:36:25 GMT+0100 (British Summer Time)","time":"2023-04-19T09:56:55.779Z","v":0}
{"name":"Log","hostname":"BOCAJMAI-1","pid":4280,"level":30,"version":"5.44.0","msg":"Running milestone emails job on Wed Apr 19 2023 10:57:00 GMT+0100 (British Summer Time)","time":"2023-04-19T09:56:55.790Z","v":0}
